<?xml version="1.0" encoding="UTF-8"?>
<!-- Generated by org.testng.reporters.JUnitXMLReporter -->
<testsuite ignored="0" hostname="amaresh" failures="0" tests="4" name="Default test" time="37.592" errors="0" timestamp="2024-08-07T11:19:01 IST">
  <testcase classname="practiceTest.DataProviderTest" name="testingamazonSearchTest" time="9.799"/>
  <testcase classname="practiceTest.DataProviderTest" name="testingamazonSearchTest" time="8.025"/>
  <testcase classname="practiceTest.DataProviderTest" name="testingamazonSearchTest" time="9.119"/>
  <testcase classname="practiceTest.DataProviderTest" name="testingamazonSearchTest" time="8.363"/>
</testsuite> <!-- Default test -->
